<?xml version="1.0" encoding="UTF-8"?>
<!-- Generated by org.testng.reporters.JUnitXMLReporter -->
<testsuite ignored="1" hostname="HP-Madhavi" failures="0" tests="3" name="Default test" time="6.578" errors="0" timestamp="2023-03-10T21:09:29 EST">
  <testcase classname="apiAutomation.LibraryApiAutomation" name="addLibraryPOST" time="4.193"/>
  <testcase classname="apiAutomation.LibraryApiAutomation" name="addLibraryPOST" time="1.132"/>
  <testcase classname="apiAutomation.LibraryApiAutomation" name="addLibraryPOST" time="1.175"/>
  <testcase classname="apiAutomation.LibraryApiAutomation" name="deleteBook" time="0.0">
    <ignored/>
  </testcase> <!-- deleteBook -->
</testsuite> <!-- Default test -->
